<?xml version="1.0" encoding="UTF-8"?>
<!-- Generated by org.testng.reporters.JUnitReportReporter -->
<testsuite hostname="LAPTOP-I7J4S3QJ" failures="0" tests="7" name="com.insentai.zoominfo.tests.ZoomInfoChatTest" time="157.470" errors="0" timestamp="2023-09-21T21:08:15 IST" skipped="0">
  <testcase classname="com.insentai.zoominfo.tests.ZoomInfoChatTest" name="testBotVisibility" time="12.134"/>
  <testcase classname="com.insentai.zoominfo.tests.ZoomInfoChatTest" name="testBotWelcomeMessage" time="15.487"/>
  <testcase classname="com.insentai.zoominfo.tests.ZoomInfoChatTest" name="testInvalidEmailDataAndErrorMessage" time="17.342"/>
  <testcase classname="com.insentai.zoominfo.tests.ZoomInfoChatTest" name="testValidEmailDataAndErrorMessage" time="16.804"/>
  <testcase classname="com.insentai.zoominfo.tests.ZoomInfoChatTest" name="testRestartConversation" time="25.161"/>
  <testcase classname="com.insentai.zoominfo.tests.ZoomInfoChatTest" name="testCloseAndOpenChat" time="29.451"/>
  <testcase classname="com.insentai.zoominfo.tests.ZoomInfoChatTest" name="testOpenNewTabAndReturnToChat" time="41.091"/>
</testsuite> <!-- com.insentai.zoominfo.tests.ZoomInfoChatTest -->
