<?xml version="1.0" encoding="UTF-8"?>
<!-- Generated by org.testng.reporters.JUnitReportReporter -->
<testsuite hostname="LAPTOP-I7J4S3QJ" failures="0" tests="7" name="com.insentai.zoominfo.tests.ZoomInfoChatTest" time="156.747" errors="0" timestamp="2023-09-21T21:34:17 IST" skipped="0">
  <testcase classname="com.insentai.zoominfo.tests.ZoomInfoChatTest" name="testBotVisibility" time="12.900"/>
  <testcase classname="com.insentai.zoominfo.tests.ZoomInfoChatTest" name="testBotWelcomeMessage" time="14.080"/>
  <testcase classname="com.insentai.zoominfo.tests.ZoomInfoChatTest" name="testInvalidEmailDataAndErrorMessage" time="18.558"/>
  <testcase classname="com.insentai.zoominfo.tests.ZoomInfoChatTest" name="testValidEmailDataAndErrorMessage" time="16.117"/>
  <testcase classname="com.insentai.zoominfo.tests.ZoomInfoChatTest" name="testRestartConversation" time="26.108"/>
  <testcase classname="com.insentai.zoominfo.tests.ZoomInfoChatTest" name="testCloseAndOpenChat" time="28.717"/>
  <testcase classname="com.insentai.zoominfo.tests.ZoomInfoChatTest" name="testOpenNewTabAndReturnToChat" time="40.267"/>
</testsuite> <!-- com.insentai.zoominfo.tests.ZoomInfoChatTest -->
