<?xml version="1.0" encoding="UTF-8"?>
<!-- Generated by org.testng.reporters.JUnitReportReporter -->
<testsuite hostname="LAPTOP-I7J4S3QJ" failures="0" tests="7" name="com.insentai.zoominfo.tests.ZoomInfoChatTest" time="154.024" errors="0" timestamp="2023-09-22T12:03:13 IST" skipped="0">
  <testcase classname="com.insentai.zoominfo.tests.ZoomInfoChatTest" name="testBotVisibility" time="12.507"/>
  <testcase classname="com.insentai.zoominfo.tests.ZoomInfoChatTest" name="testBotWelcomeMessage" time="14.209"/>
  <testcase classname="com.insentai.zoominfo.tests.ZoomInfoChatTest" name="testInvalidEmailDataAndErrorMessage" time="17.476"/>
  <testcase classname="com.insentai.zoominfo.tests.ZoomInfoChatTest" name="testValidEmailDataAndErrorMessage" time="17.533"/>
  <testcase classname="com.insentai.zoominfo.tests.ZoomInfoChatTest" name="testRestartConversation" time="23.278"/>
  <testcase classname="com.insentai.zoominfo.tests.ZoomInfoChatTest" name="testCloseAndOpenChat" time="27.763"/>
  <testcase classname="com.insentai.zoominfo.tests.ZoomInfoChatTest" name="testOpenNewTabAndReturnToChat" time="41.258"/>
</testsuite> <!-- com.insentai.zoominfo.tests.ZoomInfoChatTest -->
